This is pdfTeX, Version 3.14159265-2.6-1.40.18 (MiKTeX 2.9.6350 64-bit) (preloaded format=pdflatex 2017.6.22)  11 SEP 2017 02:00
entering extended mode
**./pcp620_report_2017.tex
(pcp620_report_2017.tex
LaTeX2e <2017-04-15>
Babel <3.10> and hyphenation patterns for 75 language(s) loaded.
(bhamthesis.cls
Document Class: bhamthesis 1997/07/15 University of Birmingham Thesis class def
inition
("C:\Program Files\MiKTeX 2.9\tex\latex\setspace\setspace.sty"
Package: setspace 2011/12/19 v6.7a set line spacing
)
("C:\Program Files\MiKTeX 2.9\tex\latex\graphics\graphicx.sty"
Package: graphicx 2014/10/28 v1.0g Enhanced LaTeX Graphics (DPC,SPQR)

("C:\Program Files\MiKTeX 2.9\tex\latex\graphics\keyval.sty"
Package: keyval 2014/10/28 v1.15 key=value parser (DPC)
\KV@toks@=\toks14
)
("C:\Program Files\MiKTeX 2.9\tex\latex\graphics\graphics.sty"
Package: graphics 2017/04/14 v1.1b Standard LaTeX Graphics (DPC,SPQR)

("C:\Program Files\MiKTeX 2.9\tex\latex\graphics\trig.sty"
Package: trig 2016/01/03 v1.10 sin cos tan (DPC)
)
("C:\Program Files\MiKTeX 2.9\tex\latex\graphics-cfg\graphics.cfg"
File: graphics.cfg 2016/06/04 v1.11 sample graphics configuration
)
Package graphics Info: Driver file: pdftex.def on input line 99.

("C:\Program Files\MiKTeX 2.9\tex\latex\graphics-def\pdftex.def"
File: pdftex.def 2017/01/12 v0.06k Graphics/color for pdfTeX

("C:\Program Files\MiKTeX 2.9\tex\generic\oberdiek\infwarerr.sty"
Package: infwarerr 2016/05/16 v1.4 Providing info/warning/error messages (HO)
)
("C:\Program Files\MiKTeX 2.9\tex\generic\oberdiek\ltxcmds.sty"
Package: ltxcmds 2016/05/16 v1.23 LaTeX kernel commands for general use (HO)
)
\Gread@gobject=\count79
))
\Gin@req@height=\dimen102
\Gin@req@width=\dimen103
)
("C:\Program Files\MiKTeX 2.9\tex\latex\base\report.cls"
Document Class: report 2014/09/29 v1.4h Standard LaTeX document class
("C:\Program Files\MiKTeX 2.9\tex\latex\base\size10.clo"
File: size10.clo 2014/09/29 v1.4h Standard LaTeX file (size option)
)
\c@part=\count80
\c@chapter=\count81
\c@section=\count82
\c@subsection=\count83
\c@subsubsection=\count84
\c@paragraph=\count85
\c@subparagraph=\count86
\c@figure=\count87
\c@table=\count88
\abovecaptionskip=\skip41
\belowcaptionskip=\skip42
\bibindent=\dimen104
))
("C:\Program Files\MiKTeX 2.9\tex\latex\amsfonts\amssymb.sty"
Package: amssymb 2013/01/14 v3.01 AMS font symbols

("C:\Program Files\MiKTeX 2.9\tex\latex\amsfonts\amsfonts.sty"
Package: amsfonts 2013/01/14 v3.01 Basic AMSFonts support
\@emptytoks=\toks15
\symAMSa=\mathgroup4
\symAMSb=\mathgroup5
LaTeX Font Info:    Overwriting math alphabet `\mathfrak' in version `bold'
(Font)                  U/euf/m/n --> U/euf/b/n on input line 106.
))
("C:\Program Files\MiKTeX 2.9\tex\latex\appendix\appendix.sty"
Package: appendix 2009/09/02 v1.2b extra appendix facilities
\c@@pps=\count89
\c@@ppsavesec=\count90
\c@@ppsaveapp=\count91
)
("C:\Program Files\MiKTeX 2.9\tex\latex\biblatex\biblatex.sty"
Package: biblatex 2016/12/05 v3.7 programmable bibliographies (PK/JW/AB)

("C:\Program Files\MiKTeX 2.9\tex\generic\oberdiek\pdftexcmds.sty"
Package: pdftexcmds 2017/03/19 v0.25 Utility functions of pdfTeX for LuaTeX (HO
)

("C:\Program Files\MiKTeX 2.9\tex\generic\oberdiek\ifluatex.sty"
Package: ifluatex 2016/05/16 v1.4 Provides the ifluatex switch (HO)
Package ifluatex Info: LuaTeX not detected.
)
("C:\Program Files\MiKTeX 2.9\tex\generic\oberdiek\ifpdf.sty"
Package: ifpdf 2017/03/15 v3.2 Provides the ifpdf switch
)
Package pdftexcmds Info: LuaTeX not detected.
Package pdftexcmds Info: \pdf@primitive is available.
Package pdftexcmds Info: \pdf@ifprimitive is available.
Package pdftexcmds Info: \pdfdraftmode found.
)
("C:\Program Files\MiKTeX 2.9\tex\latex\etoolbox\etoolbox.sty"
Package: etoolbox 2017/01/02 v2.4 e-TeX tools for LaTeX (JAW)
\etb@tempcnta=\count92
)
("C:\Program Files\MiKTeX 2.9\tex\latex\oberdiek\kvoptions.sty"
Package: kvoptions 2016/05/16 v3.12 Key value format for package options (HO)

("C:\Program Files\MiKTeX 2.9\tex\generic\oberdiek\kvsetkeys.sty"
Package: kvsetkeys 2016/05/16 v1.17 Key value parser (HO)

("C:\Program Files\MiKTeX 2.9\tex\generic\oberdiek\etexcmds.sty"
Package: etexcmds 2016/05/16 v1.6 Avoid name clashes with e-TeX commands (HO)
Package etexcmds Info: Could not find \expanded.
(etexcmds)             That can mean that you are not using pdfTeX 1.50 or
(etexcmds)             that some package has redefined \expanded.
(etexcmds)             In the latter case, load this package earlier.
)))
("C:\Program Files\MiKTeX 2.9\tex\latex\logreq\logreq.sty"
Package: logreq 2010/08/04 v1.0 xml request logger
\lrq@indent=\count93

("C:\Program Files\MiKTeX 2.9\tex\latex\logreq\logreq.def"
File: logreq.def 2010/08/04 v1.0 logreq spec v1.0
))
("C:\Program Files\MiKTeX 2.9\tex\latex\base\ifthen.sty"
Package: ifthen 2014/09/29 v1.1c Standard LaTeX ifthen package (DPC)
)
("C:\Program Files\MiKTeX 2.9\tex\latex\url\url.sty"
\Urlmuskip=\muskip10
Package: url 2013/09/16  ver 3.4  Verb mode for urls, etc.
)
("C:\Program Files\MiKTeX 2.9\tex\latex\xstring\xstring.sty"
("C:\Program Files\MiKTeX 2.9\tex\generic\xstring\xstring.tex"
\@xs@message=\write3
\integerpart=\count94
\decimalpart=\count95
)
Package: xstring 2013/10/13  v1.7c  String manipulations (C Tellechea)
)
\c@tabx@nest=\count96
\c@listtotal=\count97
\c@listcount=\count98
\c@liststart=\count99
\c@liststop=\count100
\c@citecount=\count101
\c@citetotal=\count102
\c@multicitecount=\count103
\c@multicitetotal=\count104
\c@instcount=\count105
\c@maxnames=\count106
\c@minnames=\count107
\c@maxitems=\count108
\c@minitems=\count109
\c@citecounter=\count110
\c@savedcitecounter=\count111
\c@uniquelist=\count112
\c@uniquename=\count113
\c@refsection=\count114
\c@refsegment=\count115
\c@maxextratitle=\count116
\c@maxextratitleyear=\count117
\c@maxextrayear=\count118
\c@maxextraalpha=\count119
\c@abbrvpenalty=\count120
\c@highnamepenalty=\count121
\c@lownamepenalty=\count122
\c@maxparens=\count123
\c@parenlevel=\count124
\blx@tempcnta=\count125
\blx@tempcntb=\count126
\blx@tempcntc=\count127
\blx@maxsection=\count128
\blx@maxsegment@0=\count129
\blx@notetype=\count130
\blx@parenlevel@text=\count131
\blx@parenlevel@foot=\count132
\blx@sectionciteorder@0=\count133
\labelnumberwidth=\skip43
\labelalphawidth=\skip44
\biblabelsep=\skip45
\bibitemsep=\skip46
\bibnamesep=\skip47
\bibinitsep=\skip48
\bibparsep=\skip49
\bibhang=\skip50
\blx@bcfin=\read1
\blx@bcfout=\write4
\c@mincomprange=\count134
\c@maxcomprange=\count135
\c@mincompwidth=\count136
Package biblatex Info: Trying to load biblatex default data model...
Package biblatex Info: ... file 'blx-dm.def' found.

("C:\Program Files\MiKTeX 2.9\tex\latex\biblatex\blx-dm.def")
Package biblatex Info: Trying to load biblatex custom data model...
Package biblatex Info: ... file 'biblatex-dm.cfg' not found.
\c@afterword=\count137
\c@savedafterword=\count138
\c@annotator=\count139
\c@savedannotator=\count140
\c@author=\count141
\c@savedauthor=\count142
\c@bookauthor=\count143
\c@savedbookauthor=\count144
\c@commentator=\count145
\c@savedcommentator=\count146
\c@editor=\count147
\c@savededitor=\count148
\c@editora=\count149
\c@savededitora=\count150
\c@editorb=\count151
\c@savededitorb=\count152
\c@editorc=\count153
\c@savededitorc=\count154
\c@foreword=\count155
\c@savedforeword=\count156
\c@holder=\count157
\c@savedholder=\count158
\c@introduction=\count159
\c@savedintroduction=\count160
\c@namea=\count161
\c@savednamea=\count162
\c@nameb=\count163
\c@savednameb=\count164
\c@namec=\count165
\c@savednamec=\count166
\c@translator=\count167
\c@savedtranslator=\count168
\c@shortauthor=\count169
\c@savedshortauthor=\count170
\c@shorteditor=\count171
\c@savedshorteditor=\count172
\c@labelname=\count173
\c@savedlabelname=\count174
\c@institution=\count175
\c@savedinstitution=\count176
\c@lista=\count177
\c@savedlista=\count178
\c@listb=\count179
\c@savedlistb=\count180
\c@listc=\count181
\c@savedlistc=\count182
\c@listd=\count183
\c@savedlistd=\count184
\c@liste=\count185
\c@savedliste=\count186
\c@listf=\count187
\c@savedlistf=\count188
\c@location=\count189
\c@savedlocation=\count190
\c@organization=\count191
\c@savedorganization=\count192
\c@origlocation=\count193
\c@savedoriglocation=\count194
\c@origpublisher=\count195
\c@savedorigpublisher=\count196
\c@publisher=\count197
\c@savedpublisher=\count198
\c@language=\count199
\c@savedlanguage=\count266
\c@pageref=\count267
\c@savedpageref=\count268
\shorthandwidth=\skip51
\shortjournalwidth=\skip52
\shortserieswidth=\skip53
\shorttitlewidth=\skip54
\shortauthorwidth=\skip55
\shorteditorwidth=\skip56
Package biblatex Info: Trying to load compatibility code...
Package biblatex Info: ... file 'blx-compat.def' found.

("C:\Program Files\MiKTeX 2.9\tex\latex\biblatex\blx-compat.def"
File: blx-compat.def 2016/12/05 v3.7 biblatex compatibility (PK/JW/AB)
)
Package biblatex Info: Trying to load generic definitions...
Package biblatex Info: ... file 'biblatex.def' found.

("C:\Program Files\MiKTeX 2.9\tex\latex\biblatex\biblatex.def"
File: biblatex.def 2016/12/05 v3.7 biblatex compatibility (PK/JW/AB)
\c@textcitecount=\count269
\c@textcitetotal=\count270
\c@textcitemaxnames=\count271
\c@biburlnumpenalty=\count272
\c@biburlucpenalty=\count273
\c@biburllcpenalty=\count274
\c@smartand=\count275
)
Package biblatex Info: Trying to load bibliography style 'numeric'...
Package biblatex Info: ... file 'numeric.bbx' found.

("C:\Program Files\MiKTeX 2.9\tex\latex\biblatex\bbx\numeric.bbx"
File: numeric.bbx 2016/12/05 v3.7 biblatex bibliography style (PK/JW/AB)
Package biblatex Info: Trying to load bibliography style 'standard'...
Package biblatex Info: ... file 'standard.bbx' found.

("C:\Program Files\MiKTeX 2.9\tex\latex\biblatex\bbx\standard.bbx"
File: standard.bbx 2016/12/05 v3.7 biblatex bibliography style (PK/JW/AB)
\c@bbx:relatedcount=\count276
\c@bbx:relatedtotal=\count277
))
Package biblatex Info: Trying to load citation style 'numeric'...
Package biblatex Info: ... file 'numeric.cbx' found.

("C:\Program Files\MiKTeX 2.9\tex\latex\biblatex\cbx\numeric.cbx"
File: numeric.cbx 2016/12/05 v3.7 biblatex citation style (PK/JW/AB)
Package biblatex Info: Redefining '\cite'.
Package biblatex Info: Redefining '\parencite'.
Package biblatex Info: Redefining '\footcite'.
Package biblatex Info: Redefining '\footcitetext'.
Package biblatex Info: Redefining '\smartcite'.
Package biblatex Info: Redefining '\supercite'.
Package biblatex Info: Redefining '\textcite'.
Package biblatex Info: Redefining '\textcites'.
Package biblatex Info: Redefining '\cites'.
Package biblatex Info: Redefining '\parencites'.
Package biblatex Info: Redefining '\smartcites'.
)
Package biblatex Info: Trying to load configuration file...
Package biblatex Info: ... file 'biblatex.cfg' found.

("C:\Program Files\MiKTeX 2.9\tex\latex\biblatex\biblatex.cfg"
File: biblatex.cfg 
))
("C:\Program Files\MiKTeX 2.9\tex\latex\listings\listings.sty"
\lst@mode=\count278
\lst@gtempboxa=\box26
\lst@token=\toks16
\lst@length=\count279
\lst@currlwidth=\dimen105
\lst@column=\count280
\lst@pos=\count281
\lst@lostspace=\dimen106
\lst@width=\dimen107
\lst@newlines=\count282
\lst@lineno=\count283
\lst@maxwidth=\dimen108

("C:\Program Files\MiKTeX 2.9\tex\latex\listings\lstmisc.sty"
File: lstmisc.sty 2015/06/04 1.6 (Carsten Heinz)
\c@lstnumber=\count284
\lst@skipnumbers=\count285
\lst@framebox=\box27
)
("C:\Program Files\MiKTeX 2.9\tex\latex\listings\listings.cfg"
File: listings.cfg 2015/06/04 1.6 listings configuration
))
Package: listings 2015/06/04 1.6 (Carsten Heinz)
Package biblatex Info: Trying to load language 'english'...
Package biblatex Info: ... file 'english.lbx' found.

("C:\Program Files\MiKTeX 2.9\tex\latex\biblatex\lbx\english.lbx"
File: english.lbx 2016/12/05 v3.7 biblatex localization (PK/JW/AB)
)
\@quotelevel=\count286
\@quotereset=\count287

(pcp620_report_2017.aux)
\openout1 = `pcp620_report_2017.aux'.

LaTeX Font Info:    Checking defaults for OML/cmm/m/it on input line 28.
LaTeX Font Info:    ... okay on input line 28.
LaTeX Font Info:    Checking defaults for T1/cmr/m/n on input line 28.
LaTeX Font Info:    ... okay on input line 28.
LaTeX Font Info:    Checking defaults for OT1/cmr/m/n on input line 28.
LaTeX Font Info:    ... okay on input line 28.
LaTeX Font Info:    Checking defaults for OMS/cmsy/m/n on input line 28.
LaTeX Font Info:    ... okay on input line 28.
LaTeX Font Info:    Checking defaults for OMX/cmex/m/n on input line 28.
LaTeX Font Info:    ... okay on input line 28.
LaTeX Font Info:    Checking defaults for U/cmr/m/n on input line 28.
LaTeX Font Info:    ... okay on input line 28.

("C:\Program Files\MiKTeX 2.9\tex\context\base\supp-pdf.mkii"
[Loading MPS to PDF converter (version 2006.09.02).]
\scratchcounter=\count288
\scratchdimen=\dimen109
\scratchbox=\box28
\nofMPsegments=\count289
\nofMParguments=\count290
\everyMPshowfont=\toks17
\MPscratchCnt=\count291
\MPscratchDim=\dimen110
\MPnumerator=\count292
\makeMPintoPDFobject=\count293
\everyMPtoPDFconversion=\toks18
) ("C:\Program Files\MiKTeX 2.9\tex\latex\oberdiek\epstopdf-base.sty"
Package: epstopdf-base 2016/05/15 v2.6 Base part for package epstopdf

("C:\Program Files\MiKTeX 2.9\tex\latex\oberdiek\grfext.sty"
Package: grfext 2016/05/16 v1.2 Manage graphics extensions (HO)

("C:\Program Files\MiKTeX 2.9\tex\generic\oberdiek\kvdefinekeys.sty"
Package: kvdefinekeys 2016/05/16 v1.4 Define keys (HO)
))
Package epstopdf-base Info: Redefining graphics rule for `.eps' on input line 4
38.
Package grfext Info: Graphics extension search list:
(grfext)             [.png,.pdf,.jpg,.mps,.jpeg,.jbig2,.jb2,.PNG,.PDF,.JPG,.JPE
G,.JBIG2,.JB2,.eps]
(grfext)             \AppendGraphicsExtensions on input line 456.
)
Package biblatex Info: No input encoding detected.
(biblatex)             Assuming 'ascii'.
Package biblatex Info: Automatic encoding selection.
(biblatex)             Assuming data encoding 'ascii'.
\openout4 = `pcp620_report_2017.bcf'.

Package biblatex Info: Trying to load bibliographic data...
Package biblatex Info: ... file 'pcp620_report_2017.bbl' found.

(pcp620_report_2017.bbl)
Package biblatex Info: Reference section=0 on input line 28.
Package biblatex Info: Reference segment=0 on input line 28.
\c@lstlisting=\count294
 <crest.png, id=1, 341.275pt x 341.275pt>
File: crest.png Graphic file (type png)

<use crest.png>
Package pdftex.def Info: crest.png used on input line 29.
(pdftex.def)             Requested size: 85.35498pt x 85.35498pt.
LaTeX Font Info:    Try loading font information for OMS+cmr on input line 29.
 ("C:\Program Files\MiKTeX 2.9\tex\latex\base\omscmr.fd"
File: omscmr.fd 2014/09/29 v2.5h Standard LaTeX font definitions
)
LaTeX Font Info:    Font shape `OMS/cmr/m/n' in size <12> not available
(Font)              Font shape `OMS/cmsy/m/n' tried instead on input line 29.

[1

{C:/ProgramData/MiKTeX/2.9/pdftex/config/pdftex.map} <./crest.png>] [2

]
(pcp620_report_2017.toc
LaTeX Font Info:    Try loading font information for U+msa on input line 3.
 ("C:\Program Files\MiKTeX 2.9\tex\latex\amsfonts\umsa.fd"
File: umsa.fd 2013/01/14 v3.01 AMS symbols A
)
LaTeX Font Info:    Try loading font information for U+msb on input line 3.
 ("C:\Program Files\MiKTeX 2.9\tex\latex\amsfonts\umsb.fd"
File: umsb.fd 2013/01/14 v3.01 AMS symbols B
) [3

])
\tf@toc=\write5
\openout5 = `pcp620_report_2017.toc'.

 [4]
Missing character: There is no ‚ in font cmr10!
Missing character: There is no Ä in font cmr10!
Missing character: There is no ú in font cmr10!
Missing character: There is no ‚ in font cmr10!
Missing character: There is no Ä in font cmr10!
Missing character: There is no ù in font cmr10!

[5

] [6

] [7] [8] [9] [10] [11]
LaTeX Font Info:    Font shape `OMS/cmr/m/n' in size <10> not available
(Font)              Font shape `OMS/cmsy/m/n' tried instead on input line 160.
 [12] [13] [14] [15] [16] [17] [18] [19] [20]
[21] [22] [23] [24] [25] [26] [27] [28] [29] [30]
Overfull \hbox (44.73544pt too wide) in paragraph at lines 509--509
[]\OT1/cmr/m/n/10 Heather Maxwell Chan-dler. \OT1/cmr/m/it/10 The Game Pro-duc-
tion Hand-book\OT1/cmr/m/n/10 . Google-Books-ID: laiOw5WkdEcC.
 []

[31

]

Package biblatex Warning: No driver for entry type 'software'.
(biblatex)                Using fallback driver on input line 508.


Package biblatex Warning: No driver for entry type 'software'.
(biblatex)                Using fallback driver on input line 508.

[32]

Package biblatex Warning: No driver for entry type 'software'.
(biblatex)                Using fallback driver on input line 508.


Overfull \hbox (35.5896pt too wide) in paragraph at lines 509--509
[]\OT1/cmr/m/n/10 Squad. \OT1/cmr/m/it/10 Ker-bal Space Pro-gram\OT1/cmr/m/n/10
 . Ver-sion 1.0. July 27, 2015. \OT1/cmr/m/sc/10 url\OT1/cmr/m/n/10 : $\OT1/cmt
t/m/n/10 https : / / kerbalspaceprogram .
 []


Overfull \hbox (3.18092pt too wide) in paragraph at lines 509--509
\OT1/cmr/m/it/10 Com-put. En-ter-tain. \OT1/cmr/m/n/10 15.3 (Apr. 2017), 1:1{1:
24. \OT1/cmr/m/sc/10 issn\OT1/cmr/m/n/10 : 1544-3574. \OT1/cmr/m/sc/10 doi\OT1/
cmr/m/n/10 : $\OT1/cmtt/m/n/10 10 . 1145 / 3034780$\OT1/cmr/m/n/10 .
 []

[33] [34

]
Overfull \hbox (5.10551pt too wide) in paragraph at lines 520--521
\OT1/cmr/m/n/10 NASA con-tent - im-ages, au-dio, video, and com-puter files use
d in the ren-di-tion of 3-dimensional
 []

[35]
Missing character: There is no ¬ in font cmtt10!
Missing character: There is no © in font cmtt10!

Overfull \hbox (0.65794pt too wide) in paragraph at lines 554--554
[]\OT1/cmtt/m/n/10 Permission is hereby granted, free of charge, to any person 
obtaining a copy[] 
 []


Overfull \hbox (5.9079pt too wide) in paragraph at lines 554--554
[]\OT1/cmtt/m/n/10 of this software and associated documentation files (the "So
ftware"), to deal[] 
 []


Overfull \hbox (0.65794pt too wide) in paragraph at lines 554--554
[]\OT1/cmtt/m/n/10 in the Software without restriction, including without limit
ation the rights[] 
 []


Overfull \hbox (5.9079pt too wide) in paragraph at lines 554--554
[]\OT1/cmtt/m/n/10 LIABILITY, WHETHER IN AN ACTION OF CONTRACT, TORT OR OTHERWI
SE, ARISING FROM,[] 
 []

[36]
Underfull \hbox (badness 10000) in paragraph at lines 557--557

 []

[37

] (pcp620_report_2017.aux)
Package logreq Info: Writing requests to 'pcp620_report_2017.run.xml'.
\openout1 = `pcp620_report_2017.run.xml'.

 ) 
Here is how much of TeX's memory you used:
 9666 strings out of 493323
 165022 string characters out of 3139078
 702031 words of memory out of 3000000
 13109 multiletter control sequences out of 15000+200000
 9004 words of font info for 35 fonts, out of 3000000 for 9000
 1141 hyphenation exceptions out of 8191
 45i,5n,45p,1618b,1170s stack positions out of 5000i,500n,10000p,200000b,50000s
<C:/Program Files/MiKTeX 2.9/fonts/type1/public/amsfonts/cm/cmbx10.pfb><C:/Pr
ogram Files/MiKTeX 2.9/fonts/type1/public/amsfonts/cm/cmbx12.pfb><C:/Program Fi
les/MiKTeX 2.9/fonts/type1/public/amsfonts/cm/cmcsc10.pfb><C:/Program Files/MiK
TeX 2.9/fonts/type1/public/amsfonts/cm/cmmi10.pfb><C:/Program Files/MiKTeX 2.9/
fonts/type1/public/amsfonts/cm/cmr10.pfb><C:/Program Files/MiKTeX 2.9/fonts/typ
e1/public/amsfonts/cm/cmr12.pfb><C:/Program Files/MiKTeX 2.9/fonts/type1/public
/amsfonts/cm/cmsy10.pfb><C:/Program Files/MiKTeX 2.9/fonts/type1/public/amsfont
s/cm/cmsy7.pfb><C:/Program Files/MiKTeX 2.9/fonts/type1/public/amsfonts/cm/cmti
10.pfb><C:/Program Files/MiKTeX 2.9/fonts/type1/public/amsfonts/cm/cmtt10.pfb><
C:/Program Files/MiKTeX 2.9/fonts/type1/public/amsfonts/cm/cmtt8.pfb>
Output written on pcp620_report_2017.pdf (37 pages, 286743 bytes).
PDF statistics:
 169 PDF objects out of 1000 (max. 8388607)
 0 named destinations out of 1000 (max. 500000)
 6 words of extra memory for PDF output out of 10000 (max. 10000000)

